<?xml version="1.0" ?>
<coverage version="7.12.0" timestamp="1764934927018" lines-valid="13" lines-covered="13" line-rate="1" branches-covered="0" branches-valid="0" branch-rate="0" complexity="0">
	<!-- Generated by coverage.py: https://coverage.readthedocs.io/en/7.12.0 -->
	<!-- Based on https://raw.githubusercontent.com/cobertura/web/master/htdocs/xml/coverage-04.dtd -->
	<sources>
		<source></source>
	</sources>
	<packages>
		<package name="C:.Users.azeez.OneDrive.Documents.dummyrepo.src.examplepkb" line-rate="1" branch-rate="0" complexity="0">
			<classes>
				<class name="practice.py" filename="C:/Users/azeez/OneDrive/Documents/dummyrepo/src/examplepkb/practice.py" complexity="0" line-rate="1" branch-rate="0">
					<methods/>
					<lines>
						<line number="3" hits="1"/>
						<line number="4" hits="1"/>
						<line number="6" hits="1"/>
						<line number="7" hits="1"/>
						<line number="9" hits="1"/>
						<line number="10" hits="1"/>
						<line number="12" hits="1"/>
						<line number="13" hits="1"/>
						<line number="14" hits="1"/>
						<line number="15" hits="1"/>
						<line number="16" hits="1"/>
						<line number="17" hits="1"/>
						<line number="18" hits="1"/>
					</lines>
				</class>
			</classes>
		</package>
	</packages>
</coverage>
